\BOOKMARK [0][-]{dummy.1}{\376\377\000R\000e\000s\000u\000m\000e\000n}{}% 1
\BOOKMARK [0][-]{dummy.3}{\376\377\000\315\000n\000d\000i\000c\000e\000\040\000d\000e\000\040\000F\000i\000g\000u\000r\000a\000s}{}% 2
\BOOKMARK [0][-]{dummy.5}{\376\377\000L\000i\000s\000t\000a\000\040\000d\000e\000\040\000T\000a\000b\000l\000a\000s}{}% 3
\BOOKMARK [0][-]{chapter*.7}{\376\377\000\315\000n\000d\000i\000c\000e\000\040\000d\000e\000\040\000a\000l\000g\000o\000r\000i\000t\000m\000o\000s}{}% 4
\BOOKMARK [0][-]{dummy.8}{\376\377\000A\000c\000r\000\363\000n\000i\000m\000o\000s\000\040\000y\000\040\000S\000\355\000m\000b\000o\000l\000o\000s}{}% 5
\BOOKMARK [0][-]{chapter*.11}{\376\377\000I\000n\000t\000r\000o\000d\000u\000c\000c\000i\000\363\000n}{}% 6
\BOOKMARK [0][-]{chapter.12}{\376\377\0001\000\040\000S\000e\000l\000e\000c\000c\000i\000\363\000n\000\040\000d\000e\000\040\000I\000n\000s\000t\000a\000n\000c\000i\000a\000s}{}% 7
\BOOKMARK [1][-]{section.13}{\376\377\0001\000.\0001\000\040\000R\000e\000d\000u\000c\000c\000i\000\363\000n\000\040\000d\000e\000\040\000D\000a\000t\000o\000s}{chapter.12}% 8
\BOOKMARK [1][-]{section.18}{\376\377\0001\000.\0002\000\040\000S\000e\000l\000e\000c\000c\000i\000\363\000n\000\040\000d\000e\000\040\000I\000n\000s\000t\000a\000n\000c\000i\000a\000s}{chapter.12}% 9
\BOOKMARK [2][-]{subsection.20}{\376\377\0001\000.\0002\000.\0001\000\040\000R\000e\000g\000l\000a\000\040\000d\000e\000l\000\040\000V\000e\000c\000i\000n\000o\000\040\000M\000\341\000s\000\040\000C\000e\000r\000c\000a\000n\000o\000\040\000\050\000N\000N\000\051}{section.18}% 10
\BOOKMARK [1][-]{section.29}{\376\377\0001\000.\0003\000\040\000A\000l\000g\000o\000r\000\355\000t\000m\000o\000s\000\040\000d\000e\000\040\000a\000p\000r\000o\000x\000i\000m\000a\000c\000i\000\363\000n\000\040\000p\000a\000r\000a\000\040\000S\000e\000l\000e\000c\000c\000i\000\363\000n\000\040\000d\000e\000\040\000I\000n\000s\000t\000a\000n\000c\000i\000a\000s}{chapter.12}% 11
\BOOKMARK [2][-]{subsection.30}{\376\377\0001\000.\0003\000.\0001\000\040\000M\000\351\000t\000o\000d\000o\000s\000\040\000b\000a\000s\000a\000d\000o\000s\000\040\000e\000n\000\040\000l\000a\000\040\000r\000e\000g\000l\000a\000\040\000N\000N}{section.29}% 12
\BOOKMARK [2][-]{subsection.31}{\376\377\0001\000.\0003\000.\0002\000\040\000M\000\351\000t\000o\000d\000o\000s\000\040\000b\000a\000s\000a\000d\000o\000s\000\040\000e\000n\000\040\000e\000l\000i\000m\000i\000n\000a\000c\000i\000\363\000n\000\040\000o\000r\000d\000e\000n\000a\000d\000a}{section.29}% 13
\BOOKMARK [2][-]{subsection.32}{\376\377\0001\000.\0003\000.\0003\000\040\000M\000\351\000t\000o\000d\000o\000s\000\040\000b\000a\000s\000a\000d\000o\000s\000\040\000e\000n\000\040\000m\000u\000e\000s\000t\000r\000e\000o\000\040\000a\000l\000e\000a\000t\000o\000r\000i\000o}{section.29}% 14
\BOOKMARK [2][-]{subsection.33}{\376\377\0001\000.\0003\000.\0004\000\040\000M\000\351\000t\000o\000d\000o\000s\000\040\000b\000a\000s\000a\000d\000o\000s\000\040\000e\000n\000\040\000m\000e\000t\000a\000h\000e\000u\000r\000\355\000s\000t\000i\000c\000a\000s}{section.29}% 15
\BOOKMARK [2][-]{subsection.34}{\376\377\0001\000.\0003\000.\0005\000\040\000C\000r\000i\000t\000e\000r\000i\000o\000s\000\040\000d\000e\000\040\000c\000o\000m\000p\000a\000r\000a\000c\000i\000\363\000n}{section.29}% 16
\BOOKMARK [0][-]{chapter.35}{\376\377\0002\000\040\000M\000e\000t\000a\000h\000e\000u\000r\000\355\000s\000t\000i\000c\000a\000s}{}% 17
\BOOKMARK [1][-]{section.36}{\376\377\0002\000.\0001\000\040\000D\000e\000s\000c\000r\000i\000p\000c\000i\000\363\000n\000\040\000g\000e\000n\000e\000r\000a\000l}{chapter.35}% 18
\BOOKMARK [1][-]{section.37}{\376\377\0002\000.\0002\000\040\000M\000e\000t\000a\000h\000e\000u\000r\000\355\000s\000t\000i\000c\000a\000s\000\040\000i\000n\000s\000p\000i\000r\000a\000d\000a\000s\000\040\000e\000n\000\040\000l\000a\000\040\000n\000a\000t\000u\000r\000a\000l\000e\000z\000a}{chapter.35}% 19
\BOOKMARK [2][-]{subsection.40}{\376\377\0002\000.\0002\000.\0001\000\040\000A\000l\000g\000o\000r\000i\000t\000m\000o\000s\000\040\000E\000v\000o\000l\000u\000t\000i\000v\000o\000s}{section.37}% 20
\BOOKMARK [3][-]{subsubsection.41}{\376\377\0002\000.\0002\000.\0001\000.\0001\000\040\000A\000l\000g\000o\000r\000i\000t\000m\000o\000\040\000G\000e\000n\000\351\000t\000i\000c\000o\000\040\000G\000e\000n\000e\000r\000a\000c\000i\000o\000n\000a\000l\000\040\000\050\000G\000G\000A\000\051}{subsection.40}% 21
\BOOKMARK [3][-]{subsubsection.46}{\376\377\0002\000.\0002\000.\0001\000.\0002\000\040\000A\000l\000g\000o\000r\000i\000t\000m\000o\000\040\000G\000e\000n\000\351\000t\000i\000c\000o\000\040\000E\000s\000t\000a\000c\000i\000o\000n\000a\000r\000i\000o\000\040\000\050\000S\000G\000A\000\051}{subsection.40}% 22
\BOOKMARK [3][-]{subsubsection.52}{\376\377\0002\000.\0002\000.\0001\000.\0003\000\040\000C\000H\000C\000\040\000A\000d\000a\000p\000t\000i\000v\000e\000\040\000S\000e\000a\000r\000c\000h\000\040\000A\000l\000g\000o\000r\000i\000t\000h\000m}{subsection.40}% 23
\BOOKMARK [3][-]{subsubsection.54}{\376\377\0002\000.\0002\000.\0001\000.\0004\000\040\000P\000o\000p\000u\000l\000a\000t\000i\000o\000n\000-\000B\000a\000s\000e\000d\000\040\000I\000n\000c\000r\000e\000m\000e\000n\000t\000a\000l\000\040\000L\000e\000a\000r\000n\000i\000n\000g\000\040\000\050\000P\000B\000I\000L\000\051}{subsection.40}% 24
\BOOKMARK [2][-]{subsection.60}{\376\377\0002\000.\0002\000.\0002\000\040\000I\000n\000t\000e\000l\000i\000g\000e\000n\000c\000i\000a\000\040\000d\000e\000\040\000E\000n\000j\000a\000m\000b\000r\000e}{section.37}% 25
\BOOKMARK [3][-]{subsubsection.61}{\376\377\0002\000.\0002\000.\0002\000.\0001\000\040\000P\000a\000r\000t\000i\000c\000l\000e\000\040\000S\000w\000a\000r\000m\000\040\000O\000p\000t\000i\000m\000i\000z\000a\000t\000i\000o\000n\000\040\000\050\000P\000S\000O\000\051}{subsection.60}% 26
\BOOKMARK [0][-]{chapter.68}{\376\377\0003\000\040\000A\000d\000a\000p\000t\000a\000c\000i\000\363\000n\000\040\000a\000l\000\040\000p\000r\000o\000b\000l\000e\000m\000a\000\040\000d\000e\000\040\000S\000e\000l\000e\000c\000c\000i\000\363\000n\000\040\000d\000e\000\040\000I\000n\000s\000t\000a\000n\000c\000i\000a\000s}{}% 27
\BOOKMARK [1][-]{section.69}{\376\377\0003\000.\0001\000\040\000C\000o\000n\000s\000i\000d\000e\000r\000a\000c\000i\000o\000n\000e\000s\000\040\000g\000e\000n\000e\000r\000a\000l\000e\000s}{chapter.68}% 28
\BOOKMARK [2][-]{subsection.70}{\376\377\0003\000.\0001\000.\0001\000\040\000R\000e\000p\000r\000e\000s\000e\000n\000t\000a\000c\000i\000\363\000n}{section.69}% 29
\BOOKMARK [2][-]{subsection.72}{\376\377\0003\000.\0001\000.\0002\000\040\000F\000u\000n\000c\000i\000\363\000n\000\040\000d\000e\000\040\000e\000v\000a\000l\000u\000a\000c\000i\000\363\000n}{section.69}% 30
\BOOKMARK [2][-]{subsection.74}{\376\377\0003\000.\0001\000.\0003\000\040\000G\000e\000n\000e\000r\000a\000c\000i\000\363\000n\000\040\000d\000e\000\040\000s\000o\000l\000u\000c\000i\000o\000n\000e\000s\000\040\000i\000n\000i\000c\000i\000a\000l\000e\000s}{section.69}% 31
\BOOKMARK [3][-]{subsubsection.77}{\376\377\0003\000.\0001\000.\0003\000.\0001\000\040\000C\000o\000n\000d\000e\000n\000s\000e\000d\000\040\000N\000e\000a\000r\000e\000s\000t\000\040\000N\000e\000i\000g\000h\000b\000o\000r}{subsection.74}% 32
\BOOKMARK [3][-]{subsubsection.79}{\376\377\0003\000.\0001\000.\0003\000.\0002\000\040\000N\000e\000a\000r\000e\000s\000t\000\040\000E\000n\000e\000m\000y\000\040\000H\000y\000p\000e\000r\000s\000p\000h\000e\000r\000e\000\040\000S\000e\000l\000e\000c\000t\000i\000o\000n}{subsection.74}% 33
\BOOKMARK [3][-]{subsubsection.82}{\376\377\0003\000.\0001\000.\0003\000.\0003\000\040\000C\000l\000o\000s\000e\000s\000t\000\040\000N\000e\000a\000r\000e\000s\000t\000\040\000E\000n\000e\000m\000y}{subsection.74}% 34
\BOOKMARK [3][-]{subsubsection.84}{\376\377\0003\000.\0001\000.\0003\000.\0004\000\040\000F\000a\000r\000t\000h\000e\000s\000t\000\040\000N\000e\000a\000r\000e\000s\000t\000\040\000E\000n\000e\000m\000y}{subsection.74}% 35
\BOOKMARK [1][-]{section.86}{\376\377\0003\000.\0002\000\040\000M\000o\000d\000i\000f\000i\000c\000a\000c\000i\000o\000n\000e\000s\000\040\000p\000a\000r\000t\000i\000c\000u\000l\000a\000r\000e\000s}{chapter.68}% 36
\BOOKMARK [2][-]{subsection.87}{\376\377\0003\000.\0002\000.\0001\000\040\000A\000d\000a\000p\000t\000a\000c\000i\000\363\000n\000\040\000d\000e\000\040\000G\000G\000A\000,\000\040\000S\000G\000A\000\040\000y\000\040\000C\000H\000C}{section.86}% 37
\BOOKMARK [2][-]{subsection.88}{\376\377\0003\000.\0002\000.\0002\000\040\000A\000d\000a\000p\000t\000a\000c\000i\000\363\000n\000\040\000d\000e\000\040\000P\000B\000I\000L}{section.86}% 38
\BOOKMARK [2][-]{subsection.89}{\376\377\0003\000.\0002\000.\0003\000\040\000A\000d\000a\000p\000t\000a\000c\000i\000\363\000n\000\040\000d\000e\000\040\000P\000S\000O}{section.86}% 39
\BOOKMARK [0][-]{chapter.91}{\376\377\0004\000\040\000E\000v\000a\000l\000u\000a\000c\000i\000\363\000n\000\040\000E\000x\000p\000e\000r\000i\000m\000e\000n\000t\000a\000l}{}% 40
\BOOKMARK [1][-]{section.92}{\376\377\0004\000.\0001\000\040\000D\000i\000s\000e\000\361\000o\000\040\000E\000x\000p\000e\000r\000i\000m\000e\000n\000t\000a\000l}{chapter.91}% 41
\BOOKMARK [2][-]{subsection.95}{\376\377\0004\000.\0001\000.\0001\000\040\000C\000o\000n\000j\000u\000n\000t\000o\000s\000\040\000d\000e\000\040\000d\000a\000t\000o\000s}{section.92}% 42
\BOOKMARK [2][-]{subsection.99}{\376\377\0004\000.\0001\000.\0002\000\040\000P\000a\000r\000t\000i\000c\000i\000o\000n\000e\000s\000\040\000y\000\040\000e\000j\000e\000c\000u\000c\000i\000o\000n\000e\000s}{section.92}% 43
\BOOKMARK [2][-]{subsection.100}{\376\377\0004\000.\0001\000.\0003\000\040\000P\000a\000r\000\341\000m\000e\000t\000r\000o\000s}{section.92}% 44
\BOOKMARK [2][-]{subsection.102}{\376\377\0004\000.\0001\000.\0004\000\040\000T\000a\000b\000l\000a\000s\000\040\000d\000e\000\040\000r\000e\000s\000u\000l\000t\000a\000d\000o\000s}{section.92}% 45
\BOOKMARK [1][-]{section.103}{\376\377\0004\000.\0002\000\040\000R\000e\000s\000u\000l\000t\000a\000d\000o\000s}{chapter.91}% 46
\BOOKMARK [2][-]{subsection.106}{\376\377\0004\000.\0002\000.\0001\000\040\000C\000o\000m\000p\000a\000r\000a\000c\000i\000\363\000n\000\040\000e\000n\000t\000r\000e\000\040\000i\000n\000i\000c\000i\000a\000l\000i\000z\000a\000c\000i\000o\000n\000e\000s}{section.103}% 47
\BOOKMARK [3][-]{subsubsection.107}{\376\377\0004\000.\0002\000.\0001\000.\0001\000\040\000P\000r\000o\000b\000a\000b\000i\000l\000i\000d\000a\000d\000\040\000d\000e\000\040\000a\000p\000a\000r\000i\000c\000i\000\363\000n\000\040\000d\000e\000\040\000b\000i\000t}{subsection.106}% 48
\BOOKMARK [3][-]{subsubsection.111}{\376\377\0004\000.\0002\000.\0001\000.\0002\000\040\000I\000n\000i\000c\000i\000a\000l\000i\000z\000a\000c\000i\000\363\000n\000\040\000u\000s\000a\000n\000d\000o\000\040\000a\000l\000g\000o\000r\000i\000t\000m\000o\000s\000\040\000h\000e\000u\000r\000\355\000s\000t\000i\000c\000o\000s}{subsection.106}% 49
\BOOKMARK [2][-]{subsection.115}{\376\377\0004\000.\0002\000.\0002\000\040\000C\000o\000m\000p\000a\000r\000a\000c\000i\000\363\000n\000\040\000e\000n\000t\000r\000e\000\040\000m\000e\000t\000a\000h\000e\000u\000r\000\355\000s\000t\000i\000c\000a\000s}{section.103}% 50
\BOOKMARK [3][-]{subsubsection.116}{\376\377\0004\000.\0002\000.\0002\000.\0001\000\040\000R\000e\000s\000u\000l\000t\000a\000d\000o\000s\000\040\000p\000a\000r\000a\000\040\000c\000o\000n\000j\000u\000n\000t\000o\000s\000\040\000d\000e\000\040\000d\000a\000t\000o\000s\000\040\000p\000e\000q\000u\000e\000\361\000o\000s}{subsection.115}% 51
\BOOKMARK [3][-]{subsubsection.119}{\376\377\0004\000.\0002\000.\0002\000.\0002\000\040\000R\000e\000s\000u\000l\000t\000a\000d\000o\000s\000\040\000p\000a\000r\000a\000\040\000c\000o\000n\000j\000u\000n\000t\000o\000s\000\040\000d\000e\000\040\000d\000a\000t\000o\000s\000\040\000m\000e\000d\000i\000a\000n\000o\000s}{subsection.115}% 52
\BOOKMARK [3][-]{subsubsection.122}{\376\377\0004\000.\0002\000.\0002\000.\0003\000\040\000R\000e\000s\000u\000l\000t\000a\000d\000o\000s\000\040\000p\000a\000r\000a\000\040\000c\000o\000n\000j\000u\000n\000t\000o\000s\000\040\000d\000e\000\040\000d\000a\000t\000o\000s\000\040\000g\000r\000a\000n\000d\000e\000s}{subsection.115}% 53
\BOOKMARK [3][-]{subsubsection.126}{\376\377\0004\000.\0002\000.\0002\000.\0004\000\040\000A\000n\000\341\000l\000i\000s\000i\000s\000\040\000d\000e\000\040\000l\000o\000s\000\040\000r\000e\000s\000u\000l\000t\000a\000d\000o\000s}{subsection.115}% 54
\BOOKMARK [0][-]{chapter*.134}{\376\377\000C\000o\000n\000c\000l\000u\000s\000i\000o\000n\000e\000s\000\040\000y\000\040\000R\000e\000c\000o\000m\000e\000n\000d\000a\000c\000i\000o\000n\000e\000s}{}% 55
\BOOKMARK [0][-]{section*.135}{\376\377\000B\000i\000b\000l\000i\000o\000g\000r\000a\000f\000\355\000a}{}% 56
\BOOKMARK [0][-]{appendix.137}{\376\377\000A\000\040\000@\000n\000o\000m\000b\000r\000e\000A\000p\000e\000n\000d\000i\000c\000e}{}% 57
